<?xml version="1.0" encoding="UTF-8"?>
<!-- Generated by org.testng.reporters.JUnitReportReporter -->
<testsuite hostname="V-DEV03" name="elementsExcelRead.TestDetails_ExcelRead" tests="1" failures="0" timestamp="19 Mar 2022 15:47:26 GMT" time="0.011" errors="0">
  <testcase name="testInfo_Read" time="0.011" classname="elementsExcelRead.TestDetails_ExcelRead"/>
</testsuite> <!-- elementsExcelRead.TestDetails_ExcelRead -->
