<?xml version="1.0" encoding="UTF-8"?>
<!-- Generated by org.testng.reporters.JUnitReportReporter -->
<testsuite hostname="V-DEV03" name="beforeTest.Login" tests="1" failures="0" timestamp="21 Mar 2022 13:58:24 GMT" time="12.799" errors="0">
  <testcase name="login" time="12.799" classname="beforeTest.Login"/>
</testsuite> <!-- beforeTest.Login -->
