<?xml version="1.0" encoding="UTF-8"?>
<!-- Generated by org.testng.reporters.JUnitReportReporter -->
<testsuite hostname="V-DEV03" name="BuildDetails" tests="1" failures="0" timestamp="1 Mar 2022 10:24:38 GMT" time="0.000" errors="0">
  <testcase name="temp" time="0.000" classname="BuildDetails"/>
</testsuite> <!-- BuildDetails -->
