<?xml version="1.0" encoding="UTF-8"?>
<!-- Generated by org.testng.reporters.JUnitReportReporter -->
<testsuite hostname="V-DEV03" name="marketTypesTest.Loan_ND_Test" tests="5" failures="0" timestamp="1 Apr 2022 03:37:07 GMT" time="31.701" errors="0">
  <testcase name="infoPage" time="3.473" classname="marketTypesTest.Loan_ND_Test"/>
  <testcase name="cashFlowPage" time="0.001" classname="marketTypesTest.Loan_ND_Test"/>
  <testcase name="frontPage" time="19.355" classname="marketTypesTest.Loan_ND_Test"/>
  <testcase name="bankDetailsPage" time="0.002" classname="marketTypesTest.Loan_ND_Test"/>
  <testcase name="save" time="8.870" classname="marketTypesTest.Loan_ND_Test"/>
</testsuite> <!-- marketTypesTest.Loan_ND_Test -->
