<?xml version="1.0" encoding="UTF-8"?>
<!-- Generated by org.testng.reporters.JUnitReportReporter -->
<testsuite hostname="V-DEV03" name="testInputExcelRead.Loan_ND_TestInputs" tests="1" failures="0" timestamp="19 Mar 2022 15:32:45 GMT" time="0.023" errors="0">
  <testcase name="verifyTestInput" time="0.023" classname="testInputExcelRead.Loan_ND_TestInputs"/>
</testsuite> <!-- testInputExcelRead.Loan_ND_TestInputs -->
