<?xml version="1.0" encoding="UTF-8"?>
<!-- Generated by org.testng.reporters.JUnitReportReporter -->
<testsuite hostname="V-DEV03" name="TestNG" tests="1" failures="0" timestamp="15 Mar 2022 11:59:22 GMT" time="0.039" errors="0">
  <testcase name="test" time="0.039" classname="TestNG"/>
</testsuite> <!-- TestNG -->
